BeerGlass 2019!/Temp/gradleOut/build/outputs/logs/manifest-merger-release-report.txt
-- Merging decision tree log ---
manifest
ADDED from src\main\AndroidManifest.xml:2:1-25:12
INJECTED from src\main\AndroidManifest.xml:2:1-25:12
INJECTED from src\main\AndroidManifest.xml:2:1-25:12
INJECTED from src\main\AndroidManifest.xml:2:1-25:12
MERGED from [:android.arch.lifecycle.runtime-1.0.0:] AndroidManifest.xml:17:1-30:12
MERGED from [:com.android.support.customtabs-26.1.0:] AndroidManifest.xml:17:1-28:12
MERGED from [:com.android.support.support-compat-26.1.0:] AndroidManifest.xml:17:1-31:12
MERGED from [:com.android.support.support-core-ui-26.1.0:] AndroidManifest.xml:17:1-31:12
MERGED from [:com.android.support.support-core-utils-26.1.0:] AndroidManifest.xml:17:1-31:12
MERGED from [:com.android.support.support-fragment-26.1.0:] AndroidManifest.xml:17:1-31:12
MERGED from [:com.android.support.support-media-compat-26.1.0:] AndroidManifest.xml:17:1-31:12
MERGED from [:com.android.support.support-v4-26.1.0:] AndroidManifest.xml:17:1-31:12
MERGED from [:com.google.android.gms.play-services-ads-15.0.1:] AndroidManifest.xml:17:1-25:12
MERGED from [:com.google.android.gms.play-services-ads-base-15.0.1:] AndroidManifest.xml:17:1-24:12
MERGED from [:com.google.android.gms.play-services-ads-identifier-15.0.1:] AndroidManifest.xml:17:1-24:12
MERGED from [:com.google.android.gms.play-services-ads-lite-15.0.1:] AndroidManifest.xml:17:1-36:12
MERGED from [:com.google.android.gms.play-services-basement-15.0.1:] AndroidManifest.xml:17:1-28:12
MERGED from [:com.google.android.gms.play-services-gass-15.0.1:] AndroidManifest.xml:2:1-9:12
MERGED from [:unity-ads:] AndroidManifest.xml:2:1-37:12
MERGED from [:GoogleMobileAdsPlugin] AndroidManifest.xml:7:1-19:12
INJECTED from src\main\AndroidManifest.xml:2:1-25:12
INJECTED from src\main\AndroidManifest.xml:2:1-25:12
INJECTED from src\main\AndroidManifest.xml:2:1-25:12
	package
		ADDED from src\main\AndroidManifest.xml:2:70-112
		INJECTED from src\main\AndroidManifest.xml
		INJECTED from src\main\AndroidManifest.xml
	android:versionName
		INJECTED from src\main\AndroidManifest.xml
		ADDED from src\main\AndroidManifest.xml:2:1-25:12
		INJECTED from src\main\AndroidManifest.xml
	xmlns:tools
		ADDED from src\main\AndroidManifest.xml:2:113-159
	android:versionCode
		INJECTED from src\main\AndroidManifest.xml
		ADDED from src\main\AndroidManifest.xml:2:1-25:12
		INJECTED from src\main\AndroidManifest.xml
	xmlns:android
		ADDED from src\main\AndroidManifest.xml:2:11-69
	android:installLocation
		ADDED from src\main\AndroidManifest.xml:2:160-200
supports-screens
ADDED from src\main\AndroidManifest.xml:3:3-163
	android:largeScreens
		ADDED from src\main\AndroidManifest.xml:3:78-105
	android:smallScreens
		ADDED from src\main\AndroidManifest.xml:3:21-48
	android:normalScreens
		ADDED from src\main\AndroidManifest.xml:3:49-77
	android:xlargeScreens
		ADDED from src\main\AndroidManifest.xml:3:106-134
	android:anyDensity
		ADDED from src\main\AndroidManifest.xml:3:135-160
application
ADDED from src\main\AndroidManifest.xml:4:3-18:17
MERGED from [:android.arch.lifecycle.runtime-1.0.0:] AndroidManifest.xml:24:5-28:19
MERGED from [:android.arch.lifecycle.runtime-1.0.0:] AndroidManifest.xml:24:5-28:19
MERGED from [:com.android.support.customtabs-26.1.0:] AndroidManifest.xml:22:5-26:19
MERGED from [:com.android.support.customtabs-26.1.0:] AndroidManifest.xml:22:5-26:19
MERGED from [:com.android.support.support-compat-26.1.0:] AndroidManifest.xml:25:5-29:19
MERGED from [:com.android.support.support-compat-26.1.0:] AndroidManifest.xml:25:5-29:19
MERGED from [:com.android.support.support-core-ui-26.1.0:] AndroidManifest.xml:25:5-29:19
MERGED from [:com.android.support.support-core-ui-26.1.0:] AndroidManifest.xml:25:5-29:19
MERGED from [:com.android.support.support-core-utils-26.1.0:] AndroidManifest.xml:25:5-29:19
MERGED from [:com.android.support.support-core-utils-26.1.0:] AndroidManifest.xml:25:5-29:19
MERGED from [:com.android.support.support-fragment-26.1.0:] AndroidManifest.xml:25:5-29:19
MERGED from [:com.android.support.support-fragment-26.1.0:] AndroidManifest.xml:25:5-29:19
MERGED from [:com.android.support.support-media-compat-26.1.0:] AndroidManifest.xml:25:5-29:19
MERGED from [:com.android.support.support-media-compat-26.1.0:] AndroidManifest.xml:25:5-29:19
MERGED from [:com.android.support.support-v4-26.1.0:] AndroidManifest.xml:25:5-29:19
MERGED from [:com.android.support.support-v4-26.1.0:] AndroidManifest.xml:25:5-29:19
MERGED from [:com.google.android.gms.play-services-ads-base-15.0.1:] AndroidManifest.xml:22:5-20
MERGED from [:com.google.android.gms.play-services-ads-base-15.0.1:] AndroidManifest.xml:22:5-20
MERGED from [:com.google.android.gms.play-services-ads-identifier-15.0.1:] AndroidManifest.xml:22:5-20
MERGED from [:com.google.android.gms.play-services-ads-identifier-15.0.1:] AndroidManifest.xml:22:5-20
MERGED from [:com.google.android.gms.play-services-ads-lite-15.0.1:] AndroidManifest.xml:26:5-34:19
MERGED from [:com.google.android.gms.play-services-ads-lite-15.0.1:] AndroidManifest.xml:26:5-34:19
MERGED from [:com.google.android.gms.play-services-basement-15.0.1:] AndroidManifest.xml:22:5-26:19
MERGED from [:com.google.android.gms.play-services-basement-15.0.1:] AndroidManifest.xml:22:5-26:19
MERGED from [:com.google.android.gms.play-services-gass-15.0.1:] AndroidManifest.xml:7:5-20
MERGED from [:com.google.android.gms.play-services-gass-15.0.1:] AndroidManifest.xml:7:5-20
MERGED from [:unity-ads:] AndroidManifest.xml:14:5-35:19
MERGED from [:unity-ads:] AndroidManifest.xml:14:5-35:19
MERGED from [:GoogleMobileAdsPlugin] AndroidManifest.xml:16:5-17:19
MERGED from [:GoogleMobileAdsPlugin] AndroidManifest.xml:16:5-17:19
	android:label
		ADDED from src\main\AndroidManifest.xml:4:90-122
	android:icon
		ADDED from src\main\AndroidManifest.xml:4:58-89
	android:banner
		ADDED from src\main\AndroidManifest.xml:4:145-182
	android:theme
		ADDED from src\main\AndroidManifest.xml:4:16-57
	android:isGame
		ADDED from src\main\AndroidManifest.xml:4:123-144
activity#com.unity3d.player.UnityPlayerActivity
ADDED from src\main\AndroidManifest.xml:5:5-13:16
	android:screenOrientation
		ADDED from src\main\AndroidManifest.xml:5:102-138
	android:label
		ADDED from src\main\AndroidManifest.xml:5:69-101
	android:launchMode
		ADDED from src\main\AndroidManifest.xml:5:139-170
	android:hardwareAccelerated
		ADDED from src\main\AndroidManifest.xml:5:353-388
	android:configChanges
		ADDED from src\main\AndroidManifest.xml:5:171-352
	android:name
		ADDED from src\main\AndroidManifest.xml:5:15-68
intent-filter#action:name:android.intent.action.MAIN+category:name:android.intent.category.LAUNCHER+category:name:android.intent.category.LEANBACK_LAUNCHER
ADDED from src\main\AndroidManifest.xml:6:7-10:23
action#android.intent.action.MAIN
ADDED from src\main\AndroidManifest.xml:7:9-61
	android:name
		ADDED from src\main\AndroidManifest.xml:7:17-58
category#android.intent.category.LAUNCHER
ADDED from src\main\AndroidManifest.xml:8:9-69
	android:name
		ADDED from src\main\AndroidManifest.xml:8:19-66
category#android.intent.category.LEANBACK_LAUNCHER
ADDED from src\main\AndroidManifest.xml:9:9-78
	android:name
		ADDED from src\main\AndroidManifest.xml:9:19-75
meta-data#unityplayer.UnityActivity
ADDED from src\main\AndroidManifest.xml:11:7-82
	android:value
		ADDED from src\main\AndroidManifest.xml:11:59-79
	android:name
		ADDED from src\main\AndroidManifest.xml:11:18-58
meta-data#android.notch_support
ADDED from src\main\AndroidManifest.xml:12:7-78
	android:value
		ADDED from src\main\AndroidManifest.xml:12:55-75
	android:name
		ADDED from src\main\AndroidManifest.xml:12:18-54
meta-data#unity.build-id
ADDED from src\main\AndroidManifest.xml:14:5-101
	android:value
		ADDED from src\main\AndroidManifest.xml:14:46-98
	android:name
		ADDED from src\main\AndroidManifest.xml:14:16-45
meta-data#unity.splash-mode
ADDED from src\main\AndroidManifest.xml:15:5-69
	android:value
		ADDED from src\main\AndroidManifest.xml:15:49-66
	android:name
		ADDED from src\main\AndroidManifest.xml:15:16-48
meta-data#unity.splash-enable
ADDED from src\main\AndroidManifest.xml:16:5-74
	android:value
		ADDED from src\main\AndroidManifest.xml:16:51-71
	android:name
		ADDED from src\main\AndroidManifest.xml:16:16-50
meta-data#notch.config
ADDED from src\main\AndroidManifest.xml:17:5-81
	android:value
		ADDED from src\main\AndroidManifest.xml:17:44-78
	android:name
		ADDED from src\main\AndroidManifest.xml:17:16-43
uses-feature#0x00020000
ADDED from src\main\AndroidManifest.xml:19:3-52
	android:glEsVersion
		ADDED from src\main\AndroidManifest.xml:19:17-49
uses-permission#android.permission.INTERNET
ADDED from src\main\AndroidManifest.xml:20:3-65
MERGED from [:com.google.android.gms.play-services-ads-lite-15.0.1:] AndroidManifest.xml:23:5-67
MERGED from [:com.google.android.gms.play-services-ads-lite-15.0.1:] AndroidManifest.xml:23:5-67
MERGED from [:unity-ads:] AndroidManifest.xml:12:5-67
MERGED from [:unity-ads:] AndroidManifest.xml:12:5-67
	android:name
		ADDED from src\main\AndroidManifest.xml:20:20-62
uses-permission#android.permission.CHANGE_WIFI_MULTICAST_STATE
ADDED from src\main\AndroidManifest.xml:21:3-84
	android:name
		ADDED from src\main\AndroidManifest.xml:21:20-81
uses-feature#android.hardware.touchscreen
ADDED from src\main\AndroidManifest.xml:22:3-88
	android:required
		ADDED from src\main\AndroidManifest.xml:22:61-85
	android:name
		ADDED from src\main\AndroidManifest.xml:22:17-60
uses-feature#android.hardware.touchscreen.multitouch
ADDED from src\main\AndroidManifest.xml:23:3-99
	android:required
		ADDED from src\main\AndroidManifest.xml:23:72-96
	android:name
		ADDED from src\main\AndroidManifest.xml:23:17-71
uses-feature#android.hardware.touchscreen.multitouch.distinct
ADDED from src\main\AndroidManifest.xml:24:3-108
	android:required
		ADDED from src\main\AndroidManifest.xml:24:81-105
	android:name
		ADDED from src\main\AndroidManifest.xml:24:17-80
uses-sdk
INJECTED from src\main\AndroidManifest.xml reason: use-sdk injection requested
INJECTED from src\main\AndroidManifest.xml
INJECTED from src\main\AndroidManifest.xml
MERGED from [:android.arch.lifecycle.runtime-1.0.0:] AndroidManifest.xml:20:5-22:41
MERGED from [:android.arch.lifecycle.runtime-1.0.0:] AndroidManifest.xml:20:5-22:41
MERGED from [:com.android.support.customtabs-26.1.0:] AndroidManifest.xml:20:5-44
MERGED from [:com.android.support.customtabs-26.1.0:] AndroidManifest.xml:20:5-44
MERGED from [:com.android.support.support-compat-26.1.0:] AndroidManifest.xml:21:5-23:58
MERGED from [:com.android.support.support-compat-26.1.0:] AndroidManifest.xml:21:5-23:58
MERGED from [:com.android.support.support-core-ui-26.1.0:] AndroidManifest.xml:21:5-23:58
MERGED from [:com.android.support.support-core-ui-26.1.0:] AndroidManifest.xml:21:5-23:58
MERGED from [:com.android.support.support-core-utils-26.1.0:] AndroidManifest.xml:21:5-23:61
MERGED from [:com.android.support.support-core-utils-26.1.0:] AndroidManifest.xml:21:5-23:61
MERGED from [:com.android.support.support-fragment-26.1.0:] AndroidManifest.xml:21:5-23:60
MERGED from [:com.android.support.support-fragment-26.1.0:] AndroidManifest.xml:21:5-23:60
MERGED from [:com.android.support.support-media-compat-26.1.0:] AndroidManifest.xml:21:5-23:63
MERGED from [:com.android.support.support-media-compat-26.1.0:] AndroidManifest.xml:21:5-23:63
MERGED from [:com.android.support.support-v4-26.1.0:] AndroidManifest.xml:21:5-23:54
MERGED from [:com.android.support.support-v4-26.1.0:] AndroidManifest.xml:21:5-23:54
MERGED from [:com.google.android.gms.play-services-ads-15.0.1:] AndroidManifest.xml:21:5-23:62
MERGED from [:com.google.android.gms.play-services-ads-15.0.1:] AndroidManifest.xml:21:5-23:62
MERGED from [:com.google.android.gms.play-services-ads-base-15.0.1:] AndroidManifest.xml:20:5-44
MERGED from [:com.google.android.gms.play-services-ads-base-15.0.1:] AndroidManifest.xml:20:5-44
MERGED from [:com.google.android.gms.play-services-ads-identifier-15.0.1:] AndroidManifest.xml:20:5-44
MERGED from [:com.google.android.gms.play-services-ads-identifier-15.0.1:] AndroidManifest.xml:20:5-44
MERGED from [:com.google.android.gms.play-services-ads-lite-15.0.1:] AndroidManifest.xml:20:5-44
MERGED from [:com.google.android.gms.play-services-ads-lite-15.0.1:] AndroidManifest.xml:20:5-44
MERGED from [:com.google.android.gms.play-services-basement-15.0.1:] AndroidManifest.xml:20:5-44
MERGED from [:com.google.android.gms.play-services-basement-15.0.1:] AndroidManifest.xml:20:5-44
MERGED from [:com.google.android.gms.play-services-gass-15.0.1:] AndroidManifest.xml:5:5-44
MERGED from [:com.google.android.gms.play-services-gass-15.0.1:] AndroidManifest.xml:5:5-44
MERGED from [:unity-ads:] AndroidManifest.xml:7:5-9:41
MERGED from [:unity-ads:] AndroidManifest.xml:7:5-9:41
MERGED from [:GoogleMobileAdsPlugin] AndroidManifest.xml:12:5-14:41
MERGED from [:GoogleMobileAdsPlugin] AndroidManifest.xml:12:5-14:41
INJECTED from src\main\AndroidManifest.xml
INJECTED from src\main\AndroidManifest.xml
	tools:overrideLibrary
		ADDED from [:com.android.support.support-compat-26.1.0:] AndroidManifest.xml:23:9-55
	android:targetSdkVersion
		INJECTED from src\main\AndroidManifest.xml
		ADDED from src\main\AndroidManifest.xml
		INJECTED from src\main\AndroidManifest.xml
	android:minSdkVersion
		INJECTED from src\main\AndroidManifest.xml
		ADDED from src\main\AndroidManifest.xml
		INJECTED from src\main\AndroidManifest.xml
meta-data#android.arch.lifecycle.VERSION
ADDED from [:android.arch.lifecycle.runtime-1.0.0:] AndroidManifest.xml:25:9-27:47
	android:value
		ADDED from [:android.arch.lifecycle.runtime-1.0.0:] AndroidManifest.xml:27:13-44
	android:name
		ADDED from [:android.arch.lifecycle.runtime-1.0.0:] AndroidManifest.xml:26:13-58
meta-data#android.support.VERSION
ADDED from [:com.android.support.customtabs-26.1.0:] AndroidManifest.xml:23:9-25:38
MERGED from [:com.android.support.support-compat-26.1.0:] AndroidManifest.xml:26:9-28:38
MERGED from [:com.android.support.support-compat-26.1.0:] AndroidManifest.xml:26:9-28:38
MERGED from [:com.android.support.support-core-ui-26.1.0:] AndroidManifest.xml:26:9-28:38
MERGED from [:com.android.support.support-core-ui-26.1.0:] AndroidManifest.xml:26:9-28:38
MERGED from [:com.android.support.support-core-utils-26.1.0:] AndroidManifest.xml:26:9-28:38
MERGED from [:com.android.support.support-core-utils-26.1.0:] AndroidManifest.xml:26:9-28:38
MERGED from [:com.android.support.support-fragment-26.1.0:] AndroidManifest.xml:26:9-28:38
MERGED from [:com.android.support.support-fragment-26.1.0:] AndroidManifest.xml:26:9-28:38
MERGED from [:com.android.support.support-media-compat-26.1.0:] AndroidManifest.xml:26:9-28:38
MERGED from [:com.android.support.support-media-compat-26.1.0:] AndroidManifest.xml:26:9-28:38
MERGED from [:com.android.support.support-v4-26.1.0:] AndroidManifest.xml:26:9-28:38
MERGED from [:com.android.support.support-v4-26.1.0:] AndroidManifest.xml:26:9-28:38
	android:value
		ADDED from [:com.android.support.customtabs-26.1.0:] AndroidManifest.xml:25:13-35
	android:name
		ADDED from [:com.android.support.customtabs-26.1.0:] AndroidManifest.xml:24:13-51
uses-permission#android.permission.ACCESS_NETWORK_STATE
ADDED from [:com.google.android.gms.play-services-ads-lite-15.0.1:] AndroidManifest.xml:24:5-79
MERGED from [:unity-ads:] AndroidManifest.xml:11:5-79
MERGED from [:unity-ads:] AndroidManifest.xml:11:5-79
	android:name
		ADDED from [:com.google.android.gms.play-services-ads-lite-15.0.1:] AndroidManifest.xml:24:22-76
activity#com.google.android.gms.ads.AdActivity
ADDED from [:com.google.android.gms.play-services-ads-lite-15.0.1:] AndroidManifest.xml:29:9-33:64
	android:exported
		ADDED from [:com.google.android.gms.play-services-ads-lite-15.0.1:] AndroidManifest.xml:32:13-37
	android:configChanges
		ADDED from [:com.google.android.gms.play-services-ads-lite-15.0.1:] AndroidManifest.xml:31:13-122
	android:theme
		ADDED from [:com.google.android.gms.play-services-ads-lite-15.0.1:] AndroidManifest.xml:33:13-61
	android:name
		ADDED from [:com.google.android.gms.play-services-ads-lite-15.0.1:] AndroidManifest.xml:30:13-65
meta-data#com.google.android.gms.version
ADDED from [:com.google.android.gms.play-services-basement-15.0.1:] AndroidManifest.xml:23:9-25:69
	android:value
		ADDED from [:com.google.android.gms.play-services-basement-15.0.1:] AndroidManifest.xml:25:13-66
	android:name
		ADDED from [:com.google.android.gms.play-services-basement-15.0.1:] AndroidManifest.xml:24:13-58
activity#com.unity3d.ads.adunit.AdUnitActivity
ADDED from [:unity-ads:] AndroidManifest.xml:15:9-19:74
	android:hardwareAccelerated
		ADDED from [:unity-ads:] AndroidManifest.xml:18:13-47
	android:configChanges
		ADDED from [:unity-ads:] AndroidManifest.xml:17:13-170
	android:theme
		ADDED from [:unity-ads:] AndroidManifest.xml:19:13-71
	android:name
		ADDED from [:unity-ads:] AndroidManifest.xml:16:13-65
activity#com.unity3d.ads.adunit.AdUnitTransparentActivity
ADDED from [:unity-ads:] AndroidManifest.xml:20:9-24:86
	android:hardwareAccelerated
		ADDED from [:unity-ads:] AndroidManifest.xml:23:13-47
	android:configChanges
		ADDED from [:unity-ads:] AndroidManifest.xml:22:13-170
	android:theme
		ADDED from [:unity-ads:] AndroidManifest.xml:24:13-83
	android:name
		ADDED from [:unity-ads:] AndroidManifest.xml:21:13-76
activity#com.unity3d.ads.adunit.AdUnitTransparentSoftwareActivity
ADDED from [:unity-ads:] AndroidManifest.xml:25:9-29:86
	android:hardwareAccelerated
		ADDED from [:unity-ads:] AndroidManifest.xml:28:13-48
	android:configChanges
		ADDED from [:unity-ads:] AndroidManifest.xml:27:13-170
	android:theme
		ADDED from [:unity-ads:] AndroidManifest.xml:29:13-83
	android:name
		ADDED from [:unity-ads:] AndroidManifest.xml:26:13-84
activity#com.unity3d.ads.adunit.AdUnitSoftwareActivity
ADDED from [:unity-ads:] AndroidManifest.xml:30:9-34:74
	android:hardwareAccelerated
		ADDED from [:unity-ads:] AndroidManifest.xml:33:13-48
	android:configChanges
		ADDED from [:unity-ads:] AndroidManifest.xml:32:13-170
	android:theme
		ADDED from [:unity-ads:] AndroidManifest.xml:34:13-71
	android:name
		ADDED from [:unity-ads:] AndroidManifest.xml:31:13-73